server(started, 1623725857).
/*Mon Jun 14 23:57:36 2021*/ request(1, 1623725856.961, [peer(ip(127,0,0,1)),method(get),request_uri(/),path(/),http_version(1-1),host(localhost),port(9000),connection('keep-alive'),sec_ch_ua('" Not;A Brand";v="99", "Microsoft Edge";v="91", "Chromium";v="91"'),sec_ch_ua_mobile('?0'),upgrade_insecure_requests('1'),user_agent('Mozilla/5.0 (Windows NT 10.0; Win64; x64) AppleWebKit/537.36 (KHTML, like Gecko) Chrome/91.0.4472.101 Safari/537.36 Edg/91.0.864.48'),sec_fetch_site(none),sec_fetch_mode(navigate),sec_fetch_user('?1'),sec_fetch_dest(document)]).
completed(1, 0.04687500000000001, 391, 500, error("http_dispatch:call_action/2: Unknown procedure: entrada/1")).
/*Mon Jun 14 23:57:37 2021*/ request(2, 1623725857.027, [peer(ip(127,0,0,1)),method(get),request_uri('/favicon.ico'),path('/favicon.ico'),http_version(1-1),host(localhost),port(9000),connection('keep-alive'),sec_ch_ua('" Not;A Brand";v="99", "Microsoft Edge";v="91", "Chromium";v="91"'),sec_ch_ua_mobile('?0'),user_agent('Mozilla/5.0 (Windows NT 10.0; Win64; x64) AppleWebKit/537.36 (KHTML, like Gecko) Chrome/91.0.4472.101 Safari/537.36 Edg/91.0.864.48'),sec_fetch_site('same-origin'),sec_fetch_mode('no-cors'),sec_fetch_dest(image),referer('http://localhost:9000/')]).
completed(2, 0.015625, 86, 500, error("source_sink `dir_img('favicon.ico')' does not exist")).
server(started, 1623774079).
/*Tue Jun 15 13:21:18 2021*/ request(1, 1623774078.508, [peer(ip(127,0,0,1)),method(get),request_uri(/),path(/),http_version(1-1),host(localhost),port(9000),connection('keep-alive'),sec_ch_ua('" Not;A Brand";v="99", "Microsoft Edge";v="91", "Chromium";v="91"'),sec_ch_ua_mobile('?0'),upgrade_insecure_requests('1'),user_agent('Mozilla/5.0 (Windows NT 10.0; Win64; x64) AppleWebKit/537.36 (KHTML, like Gecko) Chrome/91.0.4472.101 Safari/537.36 Edg/91.0.864.48'),sec_fetch_site(none),sec_fetch_mode(navigate),sec_fetch_user('?1'),sec_fetch_dest(document)]).
completed(1, 0.078125, 391, 500, error("http_dispatch:call_action/2: Unknown procedure: entrada/1")).
/*Tue Jun 15 13:21:18 2021*/ request(2, 1623774078.630, [peer(ip(127,0,0,1)),method(get),request_uri('/favicon.ico'),path('/favicon.ico'),http_version(1-1),host(localhost),port(9000),connection('keep-alive'),sec_ch_ua('" Not;A Brand";v="99", "Microsoft Edge";v="91", "Chromium";v="91"'),sec_ch_ua_mobile('?0'),user_agent('Mozilla/5.0 (Windows NT 10.0; Win64; x64) AppleWebKit/537.36 (KHTML, like Gecko) Chrome/91.0.4472.101 Safari/537.36 Edg/91.0.864.48'),sec_fetch_site('same-origin'),sec_fetch_mode('no-cors'),sec_fetch_dest(image),referer('http://localhost:9000/')]).
completed(2, 0.0, 231328, 200, file('image/x-ico','c:/users/gcbsa/onedrive/área de trabalho/trabalhoprolog/frontend/img/favicon.ico')).
server(stopped, 1623774109).
server(started, 1623775834).
/*Tue Jun 15 13:50:34 2021*/ request(1, 1623775834.027, [peer(ip(127,0,0,1)),method(get),request_uri(/),path(/),http_version(1-1),host(localhost),port(9000),connection('keep-alive'),sec_ch_ua('" Not;A Brand";v="99", "Google Chrome";v="91", "Chromium";v="91"'),sec_ch_ua_mobile('?0'),upgrade_insecure_requests('1'),user_agent('Mozilla/5.0 (Windows NT 10.0; Win64; x64) AppleWebKit/537.36 (KHTML, like Gecko) Chrome/91.0.4472.106 Safari/537.36'),sec_fetch_site(none),sec_fetch_mode(navigate),sec_fetch_user('?1'),sec_fetch_dest(document)]).
completed(1, 0.03125, 983, 200, ok).
/*Tue Jun 15 13:50:34 2021*/ request(2, 1623775834.048, [peer(ip(127,0,0,1)),method(get),request_uri('/css/custom.css'),path('/css/custom.css'),http_version(1-1),host(localhost),port(9000),connection('keep-alive'),sec_ch_ua('" Not;A Brand";v="99", "Google Chrome";v="91", "Chromium";v="91"'),sec_ch_ua_mobile('?0'),user_agent('Mozilla/5.0 (Windows NT 10.0; Win64; x64) AppleWebKit/537.36 (KHTML, like Gecko) Chrome/91.0.4472.106 Safari/537.36'),sec_fetch_site('same-origin'),sec_fetch_mode('no-cors'),sec_fetch_dest(style),referer('http://localhost:9000/'),if_modified_since('Mon, 14 Jun 2021 21:16:56 GMT')]).
completed(2, 0.0, 0, 304, not_modified).
/*Tue Jun 15 13:50:34 2021*/ request(3, 1623775834.082, [peer(ip(127,0,0,1)),method(get),request_uri('/favicon.ico'),path('/favicon.ico'),http_version(1-1),host(localhost),port(9000),connection('keep-alive'),sec_ch_ua('" Not;A Brand";v="99", "Google Chrome";v="91", "Chromium";v="91"'),sec_ch_ua_mobile('?0'),user_agent('Mozilla/5.0 (Windows NT 10.0; Win64; x64) AppleWebKit/537.36 (KHTML, like Gecko) Chrome/91.0.4472.106 Safari/537.36'),sec_fetch_site('same-origin'),sec_fetch_mode('no-cors'),sec_fetch_dest(image),referer('http://localhost:9000/')]).
completed(3, 0.0, 231328, 200, file('image/x-ico','c:/aulas-si-remotas/prolog/github/trabalho/frontend/img/favicon.ico')).
server(stopped, 1623776140).
server(started, 1623776154).
/*Tue Jun 15 13:55:53 2021*/ request(1, 1623776153.963, [peer(ip(127,0,0,1)),method(get),request_uri(/),path(/),http_version(1-1),host(localhost),port(9000),connection('keep-alive'),sec_ch_ua('" Not;A Brand";v="99", "Google Chrome";v="91", "Chromium";v="91"'),sec_ch_ua_mobile('?0'),upgrade_insecure_requests('1'),user_agent('Mozilla/5.0 (Windows NT 10.0; Win64; x64) AppleWebKit/537.36 (KHTML, like Gecko) Chrome/91.0.4472.106 Safari/537.36'),sec_fetch_site(none),sec_fetch_mode(navigate),sec_fetch_user('?1'),sec_fetch_dest(document)]).
completed(1, 0.015625, 983, 200, ok).
/*Tue Jun 15 13:55:53 2021*/ request(2, 1623776153.983, [peer(ip(127,0,0,1)),method(get),request_uri('/css/custom.css'),path('/css/custom.css'),http_version(1-1),host(localhost),port(9000),connection('keep-alive'),sec_ch_ua('" Not;A Brand";v="99", "Google Chrome";v="91", "Chromium";v="91"'),sec_ch_ua_mobile('?0'),user_agent('Mozilla/5.0 (Windows NT 10.0; Win64; x64) AppleWebKit/537.36 (KHTML, like Gecko) Chrome/91.0.4472.106 Safari/537.36'),sec_fetch_site('same-origin'),sec_fetch_mode('no-cors'),sec_fetch_dest(style),referer('http://localhost:9000/'),if_modified_since('Mon, 14 Jun 2021 21:16:56 GMT')]).
completed(2, 0.0, 0, 304, not_modified).
server(started, 1623776598).
/*Tue Jun 15 14:03:18 2021*/ request(1, 1623776598.394, [peer(ip(127,0,0,1)),method(get),request_uri(/),path(/),http_version(1-1),host(localhost),port(9000),connection('keep-alive'),sec_ch_ua('" Not;A Brand";v="99", "Google Chrome";v="91", "Chromium";v="91"'),sec_ch_ua_mobile('?0'),upgrade_insecure_requests('1'),user_agent('Mozilla/5.0 (Windows NT 10.0; Win64; x64) AppleWebKit/537.36 (KHTML, like Gecko) Chrome/91.0.4472.106 Safari/537.36'),sec_fetch_site(none),sec_fetch_mode(navigate),sec_fetch_user('?1'),sec_fetch_dest(document)]).
completed(1, 0.0, 971, 200, ok).
/*Tue Jun 15 14:03:18 2021*/ request(2, 1623776598.412, [peer(ip(127,0,0,1)),method(get),request_uri('/css/custom.css'),path('/css/custom.css'),http_version(1-1),host(localhost),port(9000),connection('keep-alive'),sec_ch_ua('" Not;A Brand";v="99", "Google Chrome";v="91", "Chromium";v="91"'),sec_ch_ua_mobile('?0'),user_agent('Mozilla/5.0 (Windows NT 10.0; Win64; x64) AppleWebKit/537.36 (KHTML, like Gecko) Chrome/91.0.4472.106 Safari/537.36'),sec_fetch_site('same-origin'),sec_fetch_mode('no-cors'),sec_fetch_dest(style),referer('http://localhost:9000/'),if_modified_since('Mon, 14 Jun 2021 21:16:56 GMT')]).
completed(2, 0.0, 0, 304, not_modified).
/*Tue Jun 15 14:05:59 2021*/ request(3, 1623776759.896, [peer(ip(127,0,0,1)),method(get),request_uri('/cadastroDentista'),path('/cadastroDentista'),http_version(1-1),host(localhost),port(9000),connection('keep-alive'),sec_ch_ua('" Not;A Brand";v="99", "Google Chrome";v="91", "Chromium";v="91"'),sec_ch_ua_mobile('?0'),upgrade_insecure_requests('1'),user_agent('Mozilla/5.0 (Windows NT 10.0; Win64; x64) AppleWebKit/537.36 (KHTML, like Gecko) Chrome/91.0.4472.106 Safari/537.36'),sec_fetch_site('same-origin'),sec_fetch_mode(navigate),sec_fetch_user('?1'),sec_fetch_dest(document),referer('http://localhost:9000/')]).
completed(3, 0.0, 400, 500, error("http_dispatch:call_action/2: Unknown procedure: cadastroDentista/1")).
/*Tue Jun 15 14:06:05 2021*/ request(4, 1623776765.096, [peer(ip(127,0,0,1)),method(get),request_uri('/cadastro'),path('/cadastro'),http_version(1-1),host(localhost),port(9000),connection('keep-alive'),sec_ch_ua('" Not;A Brand";v="99", "Google Chrome";v="91", "Chromium";v="91"'),sec_ch_ua_mobile('?0'),upgrade_insecure_requests('1'),user_agent('Mozilla/5.0 (Windows NT 10.0; Win64; x64) AppleWebKit/537.36 (KHTML, like Gecko) Chrome/91.0.4472.106 Safari/537.36'),sec_fetch_site('same-origin'),sec_fetch_mode(navigate),sec_fetch_user('?1'),sec_fetch_dest(document),referer('http://localhost:9000/')]).
completed(4, 0.0, 392, 500, error("http_dispatch:call_action/2: Unknown procedure: cadastro/1")).
server(stopped, 1623776975).
server(started, 1623776988).
/*Tue Jun 15 14:09:48 2021*/ request(1, 1623776988.097, [peer(ip(127,0,0,1)),method(get),request_uri(/),path(/),http_version(1-1),host(localhost),port(9000),connection('keep-alive'),sec_ch_ua('" Not;A Brand";v="99", "Google Chrome";v="91", "Chromium";v="91"'),sec_ch_ua_mobile('?0'),upgrade_insecure_requests('1'),user_agent('Mozilla/5.0 (Windows NT 10.0; Win64; x64) AppleWebKit/537.36 (KHTML, like Gecko) Chrome/91.0.4472.106 Safari/537.36'),sec_fetch_site(none),sec_fetch_mode(navigate),sec_fetch_user('?1'),sec_fetch_dest(document)]).
completed(1, 0.0, 971, 200, ok).
/*Tue Jun 15 14:09:48 2021*/ request(2, 1623776988.118, [peer(ip(127,0,0,1)),method(get),request_uri('/css/custom.css'),path('/css/custom.css'),http_version(1-1),host(localhost),port(9000),connection('keep-alive'),sec_ch_ua('" Not;A Brand";v="99", "Google Chrome";v="91", "Chromium";v="91"'),sec_ch_ua_mobile('?0'),user_agent('Mozilla/5.0 (Windows NT 10.0; Win64; x64) AppleWebKit/537.36 (KHTML, like Gecko) Chrome/91.0.4472.106 Safari/537.36'),sec_fetch_site('same-origin'),sec_fetch_mode('no-cors'),sec_fetch_dest(style),referer('http://localhost:9000/'),if_modified_since('Mon, 14 Jun 2021 21:16:56 GMT')]).
completed(2, 0.0, 0, 304, not_modified).
/*Tue Jun 15 14:09:52 2021*/ request(3, 1623776992.696, [peer(ip(127,0,0,1)),method(get),request_uri(/),path(/),http_version(1-1),host(localhost),port(9000),connection('keep-alive'),cache_control('max-age=0'),sec_ch_ua('" Not;A Brand";v="99", "Google Chrome";v="91", "Chromium";v="91"'),sec_ch_ua_mobile('?0'),upgrade_insecure_requests('1'),user_agent('Mozilla/5.0 (Windows NT 10.0; Win64; x64) AppleWebKit/537.36 (KHTML, like Gecko) Chrome/91.0.4472.106 Safari/537.36'),sec_fetch_site(none),sec_fetch_mode(navigate),sec_fetch_user('?1'),sec_fetch_dest(document)]).
completed(3, 0.0, 971, 200, ok).
/*Tue Jun 15 14:09:52 2021*/ request(4, 1623776992.703, [peer(ip(127,0,0,1)),method(get),request_uri('/css/custom.css'),path('/css/custom.css'),http_version(1-1),host(localhost),port(9000),connection('keep-alive'),sec_ch_ua('" Not;A Brand";v="99", "Google Chrome";v="91", "Chromium";v="91"'),if_modified_since('Mon, 14 Jun 2021 21:16:56 GMT'),sec_ch_ua_mobile('?0'),user_agent('Mozilla/5.0 (Windows NT 10.0; Win64; x64) AppleWebKit/537.36 (KHTML, like Gecko) Chrome/91.0.4472.106 Safari/537.36'),sec_fetch_site('same-origin'),sec_fetch_mode('no-cors'),sec_fetch_dest(style),referer('http://localhost:9000/')]).
completed(4, 0.0, 0, 304, not_modified).
/*Tue Jun 15 14:09:52 2021*/ request(5, 1623776992.706, [peer(ip(127,0,0,1)),method(get),request_uri('/favicon.ico'),path('/favicon.ico'),http_version(1-1),host(localhost),port(9000),connection('keep-alive'),pragma('no-cache'),cache_control('no-cache'),sec_ch_ua('" Not;A Brand";v="99", "Google Chrome";v="91", "Chromium";v="91"'),sec_ch_ua_mobile('?0'),user_agent('Mozilla/5.0 (Windows NT 10.0; Win64; x64) AppleWebKit/537.36 (KHTML, like Gecko) Chrome/91.0.4472.106 Safari/537.36'),sec_fetch_site('same-origin'),sec_fetch_mode('no-cors'),sec_fetch_dest(image),referer('http://localhost:9000/')]).
completed(5, 0.0, 231328, 200, file('image/x-ico','c:/trabalho/frontend/img/favicon.ico')).
/*Tue Jun 15 14:09:53 2021*/ request(6, 1623776993.415, [peer(ip(127,0,0,1)),method(get),request_uri(/),path(/),http_version(1-1),host(localhost),port(9000),connection('keep-alive'),cache_control('max-age=0'),sec_ch_ua('" Not;A Brand";v="99", "Google Chrome";v="91", "Chromium";v="91"'),sec_ch_ua_mobile('?0'),upgrade_insecure_requests('1'),user_agent('Mozilla/5.0 (Windows NT 10.0; Win64; x64) AppleWebKit/537.36 (KHTML, like Gecko) Chrome/91.0.4472.106 Safari/537.36'),sec_fetch_site(none),sec_fetch_mode(navigate),sec_fetch_user('?1'),sec_fetch_dest(document)]).
completed(6, 0.0, 971, 200, ok).
/*Tue Jun 15 14:09:53 2021*/ request(7, 1623776993.422, [peer(ip(127,0,0,1)),method(get),request_uri('/css/custom.css'),path('/css/custom.css'),http_version(1-1),host(localhost),port(9000),connection('keep-alive'),sec_ch_ua('" Not;A Brand";v="99", "Google Chrome";v="91", "Chromium";v="91"'),if_modified_since('Mon, 14 Jun 2021 21:16:56 GMT'),sec_ch_ua_mobile('?0'),user_agent('Mozilla/5.0 (Windows NT 10.0; Win64; x64) AppleWebKit/537.36 (KHTML, like Gecko) Chrome/91.0.4472.106 Safari/537.36'),sec_fetch_site('same-origin'),sec_fetch_mode('no-cors'),sec_fetch_dest(style),referer('http://localhost:9000/')]).
completed(7, 0.0, 0, 304, not_modified).
/*Tue Jun 15 14:09:53 2021*/ request(8, 1623776993.424, [peer(ip(127,0,0,1)),method(get),request_uri('/favicon.ico'),path('/favicon.ico'),http_version(1-1),host(localhost),port(9000),connection('keep-alive'),pragma('no-cache'),cache_control('no-cache'),sec_ch_ua('" Not;A Brand";v="99", "Google Chrome";v="91", "Chromium";v="91"'),sec_ch_ua_mobile('?0'),user_agent('Mozilla/5.0 (Windows NT 10.0; Win64; x64) AppleWebKit/537.36 (KHTML, like Gecko) Chrome/91.0.4472.106 Safari/537.36'),sec_fetch_site('same-origin'),sec_fetch_mode('no-cors'),sec_fetch_dest(image),referer('http://localhost:9000/')]).
completed(8, 0.0, 231328, 200, file('image/x-ico','c:/trabalho/frontend/img/favicon.ico')).
/*Tue Jun 15 14:09:53 2021*/ request(9, 1623776993.609, [peer(ip(127,0,0,1)),method(get),request_uri(/),path(/),http_version(1-1),host(localhost),port(9000),connection('keep-alive'),cache_control('max-age=0'),sec_ch_ua('" Not;A Brand";v="99", "Google Chrome";v="91", "Chromium";v="91"'),sec_ch_ua_mobile('?0'),upgrade_insecure_requests('1'),user_agent('Mozilla/5.0 (Windows NT 10.0; Win64; x64) AppleWebKit/537.36 (KHTML, like Gecko) Chrome/91.0.4472.106 Safari/537.36'),sec_fetch_site(none),sec_fetch_mode(navigate),sec_fetch_user('?1'),sec_fetch_dest(document)]).
completed(9, 0.0, 971, 200, ok).
/*Tue Jun 15 14:09:53 2021*/ request(10, 1623776993.616, [peer(ip(127,0,0,1)),method(get),request_uri('/css/custom.css'),path('/css/custom.css'),http_version(1-1),host(localhost),port(9000),connection('keep-alive'),sec_ch_ua('" Not;A Brand";v="99", "Google Chrome";v="91", "Chromium";v="91"'),if_modified_since('Mon, 14 Jun 2021 21:16:56 GMT'),sec_ch_ua_mobile('?0'),user_agent('Mozilla/5.0 (Windows NT 10.0; Win64; x64) AppleWebKit/537.36 (KHTML, like Gecko) Chrome/91.0.4472.106 Safari/537.36'),sec_fetch_site('same-origin'),sec_fetch_mode('no-cors'),sec_fetch_dest(style),referer('http://localhost:9000/')]).
completed(10, 0.0, 0, 304, not_modified).
/*Tue Jun 15 14:09:53 2021*/ request(11, 1623776993.619, [peer(ip(127,0,0,1)),method(get),request_uri('/favicon.ico'),path('/favicon.ico'),http_version(1-1),host(localhost),port(9000),connection('keep-alive'),pragma('no-cache'),cache_control('no-cache'),sec_ch_ua('" Not;A Brand";v="99", "Google Chrome";v="91", "Chromium";v="91"'),sec_ch_ua_mobile('?0'),user_agent('Mozilla/5.0 (Windows NT 10.0; Win64; x64) AppleWebKit/537.36 (KHTML, like Gecko) Chrome/91.0.4472.106 Safari/537.36'),sec_fetch_site('same-origin'),sec_fetch_mode('no-cors'),sec_fetch_dest(image),referer('http://localhost:9000/')]).
completed(11, 0.0, 231328, 200, file('image/x-ico','c:/trabalho/frontend/img/favicon.ico')).
/*Tue Jun 15 14:09:53 2021*/ request(12, 1623776993.776, [peer(ip(127,0,0,1)),method(get),request_uri(/),path(/),http_version(1-1),host(localhost),port(9000),connection('keep-alive'),cache_control('max-age=0'),sec_ch_ua('" Not;A Brand";v="99", "Google Chrome";v="91", "Chromium";v="91"'),sec_ch_ua_mobile('?0'),upgrade_insecure_requests('1'),user_agent('Mozilla/5.0 (Windows NT 10.0; Win64; x64) AppleWebKit/537.36 (KHTML, like Gecko) Chrome/91.0.4472.106 Safari/537.36'),sec_fetch_site(none),sec_fetch_mode(navigate),sec_fetch_user('?1'),sec_fetch_dest(document)]).
completed(12, 0.0, 971, 200, ok).
/*Tue Jun 15 14:09:53 2021*/ request(13, 1623776993.783, [peer(ip(127,0,0,1)),method(get),request_uri('/css/custom.css'),path('/css/custom.css'),http_version(1-1),host(localhost),port(9000),connection('keep-alive'),sec_ch_ua('" Not;A Brand";v="99", "Google Chrome";v="91", "Chromium";v="91"'),if_modified_since('Mon, 14 Jun 2021 21:16:56 GMT'),sec_ch_ua_mobile('?0'),user_agent('Mozilla/5.0 (Windows NT 10.0; Win64; x64) AppleWebKit/537.36 (KHTML, like Gecko) Chrome/91.0.4472.106 Safari/537.36'),sec_fetch_site('same-origin'),sec_fetch_mode('no-cors'),sec_fetch_dest(style),referer('http://localhost:9000/')]).
completed(13, 0.0, 0, 304, not_modified).
/*Tue Jun 15 14:09:53 2021*/ request(14, 1623776993.786, [peer(ip(127,0,0,1)),method(get),request_uri('/favicon.ico'),path('/favicon.ico'),http_version(1-1),host(localhost),port(9000),connection('keep-alive'),pragma('no-cache'),cache_control('no-cache'),sec_ch_ua('" Not;A Brand";v="99", "Google Chrome";v="91", "Chromium";v="91"'),sec_ch_ua_mobile('?0'),user_agent('Mozilla/5.0 (Windows NT 10.0; Win64; x64) AppleWebKit/537.36 (KHTML, like Gecko) Chrome/91.0.4472.106 Safari/537.36'),sec_fetch_site('same-origin'),sec_fetch_mode('no-cors'),sec_fetch_dest(image),referer('http://localhost:9000/')]).
completed(14, 0.0, 231328, 200, file('image/x-ico','c:/trabalho/frontend/img/favicon.ico')).
/*Tue Jun 15 14:09:53 2021*/ request(15, 1623776993.923, [peer(ip(127,0,0,1)),method(get),request_uri(/),path(/),http_version(1-1),host(localhost),port(9000),connection('keep-alive'),cache_control('max-age=0'),sec_ch_ua('" Not;A Brand";v="99", "Google Chrome";v="91", "Chromium";v="91"'),sec_ch_ua_mobile('?0'),upgrade_insecure_requests('1'),user_agent('Mozilla/5.0 (Windows NT 10.0; Win64; x64) AppleWebKit/537.36 (KHTML, like Gecko) Chrome/91.0.4472.106 Safari/537.36'),sec_fetch_site(none),sec_fetch_mode(navigate),sec_fetch_user('?1'),sec_fetch_dest(document)]).
completed(15, 0.0, 971, 200, ok).
/*Tue Jun 15 14:09:53 2021*/ request(16, 1623776993.930, [peer(ip(127,0,0,1)),method(get),request_uri('/css/custom.css'),path('/css/custom.css'),http_version(1-1),host(localhost),port(9000),connection('keep-alive'),sec_ch_ua('" Not;A Brand";v="99", "Google Chrome";v="91", "Chromium";v="91"'),if_modified_since('Mon, 14 Jun 2021 21:16:56 GMT'),sec_ch_ua_mobile('?0'),user_agent('Mozilla/5.0 (Windows NT 10.0; Win64; x64) AppleWebKit/537.36 (KHTML, like Gecko) Chrome/91.0.4472.106 Safari/537.36'),sec_fetch_site('same-origin'),sec_fetch_mode('no-cors'),sec_fetch_dest(style),referer('http://localhost:9000/')]).
completed(16, 0.0, 0, 304, not_modified).
/*Tue Jun 15 14:09:53 2021*/ request(17, 1623776993.933, [peer(ip(127,0,0,1)),method(get),request_uri('/favicon.ico'),path('/favicon.ico'),http_version(1-1),host(localhost),port(9000),connection('keep-alive'),pragma('no-cache'),cache_control('no-cache'),sec_ch_ua('" Not;A Brand";v="99", "Google Chrome";v="91", "Chromium";v="91"'),sec_ch_ua_mobile('?0'),user_agent('Mozilla/5.0 (Windows NT 10.0; Win64; x64) AppleWebKit/537.36 (KHTML, like Gecko) Chrome/91.0.4472.106 Safari/537.36'),sec_fetch_site('same-origin'),sec_fetch_mode('no-cors'),sec_fetch_dest(image),referer('http://localhost:9000/')]).
completed(17, 0.0, 231328, 200, file('image/x-ico','c:/trabalho/frontend/img/favicon.ico')).
/*Tue Jun 15 14:09:54 2021*/ request(18, 1623776994.107, [peer(ip(127,0,0,1)),method(get),request_uri(/),path(/),http_version(1-1),host(localhost),port(9000),connection('keep-alive'),cache_control('max-age=0'),sec_ch_ua('" Not;A Brand";v="99", "Google Chrome";v="91", "Chromium";v="91"'),sec_ch_ua_mobile('?0'),upgrade_insecure_requests('1'),user_agent('Mozilla/5.0 (Windows NT 10.0; Win64; x64) AppleWebKit/537.36 (KHTML, like Gecko) Chrome/91.0.4472.106 Safari/537.36'),sec_fetch_site(none),sec_fetch_mode(navigate),sec_fetch_user('?1'),sec_fetch_dest(document)]).
completed(18, 0.0, 971, 200, ok).
/*Tue Jun 15 14:09:54 2021*/ request(19, 1623776994.115, [peer(ip(127,0,0,1)),method(get),request_uri('/css/custom.css'),path('/css/custom.css'),http_version(1-1),host(localhost),port(9000),connection('keep-alive'),sec_ch_ua('" Not;A Brand";v="99", "Google Chrome";v="91", "Chromium";v="91"'),if_modified_since('Mon, 14 Jun 2021 21:16:56 GMT'),sec_ch_ua_mobile('?0'),user_agent('Mozilla/5.0 (Windows NT 10.0; Win64; x64) AppleWebKit/537.36 (KHTML, like Gecko) Chrome/91.0.4472.106 Safari/537.36'),sec_fetch_site('same-origin'),sec_fetch_mode('no-cors'),sec_fetch_dest(style),referer('http://localhost:9000/')]).
completed(19, 0.0, 0, 304, not_modified).
/*Tue Jun 15 14:09:54 2021*/ request(20, 1623776994.118, [peer(ip(127,0,0,1)),method(get),request_uri('/favicon.ico'),path('/favicon.ico'),http_version(1-1),host(localhost),port(9000),connection('keep-alive'),pragma('no-cache'),cache_control('no-cache'),sec_ch_ua('" Not;A Brand";v="99", "Google Chrome";v="91", "Chromium";v="91"'),sec_ch_ua_mobile('?0'),user_agent('Mozilla/5.0 (Windows NT 10.0; Win64; x64) AppleWebKit/537.36 (KHTML, like Gecko) Chrome/91.0.4472.106 Safari/537.36'),sec_fetch_site('same-origin'),sec_fetch_mode('no-cors'),sec_fetch_dest(image),referer('http://localhost:9000/')]).
completed(20, 0.015625, 231328, 200, file('image/x-ico','c:/trabalho/frontend/img/favicon.ico')).
/*Tue Jun 15 14:09:54 2021*/ request(21, 1623776994.287, [peer(ip(127,0,0,1)),method(get),request_uri(/),path(/),http_version(1-1),host(localhost),port(9000),connection('keep-alive'),cache_control('max-age=0'),sec_ch_ua('" Not;A Brand";v="99", "Google Chrome";v="91", "Chromium";v="91"'),sec_ch_ua_mobile('?0'),upgrade_insecure_requests('1'),user_agent('Mozilla/5.0 (Windows NT 10.0; Win64; x64) AppleWebKit/537.36 (KHTML, like Gecko) Chrome/91.0.4472.106 Safari/537.36'),sec_fetch_site(none),sec_fetch_mode(navigate),sec_fetch_user('?1'),sec_fetch_dest(document)]).
completed(21, 0.0, 971, 200, ok).
/*Tue Jun 15 14:09:54 2021*/ request(22, 1623776994.294, [peer(ip(127,0,0,1)),method(get),request_uri('/css/custom.css'),path('/css/custom.css'),http_version(1-1),host(localhost),port(9000),connection('keep-alive'),sec_ch_ua('" Not;A Brand";v="99", "Google Chrome";v="91", "Chromium";v="91"'),if_modified_since('Mon, 14 Jun 2021 21:16:56 GMT'),sec_ch_ua_mobile('?0'),user_agent('Mozilla/5.0 (Windows NT 10.0; Win64; x64) AppleWebKit/537.36 (KHTML, like Gecko) Chrome/91.0.4472.106 Safari/537.36'),sec_fetch_site('same-origin'),sec_fetch_mode('no-cors'),sec_fetch_dest(style),referer('http://localhost:9000/')]).
completed(22, 0.0, 0, 304, not_modified).
/*Tue Jun 15 14:09:54 2021*/ request(23, 1623776994.298, [peer(ip(127,0,0,1)),method(get),request_uri('/favicon.ico'),path('/favicon.ico'),http_version(1-1),host(localhost),port(9000),connection('keep-alive'),pragma('no-cache'),cache_control('no-cache'),sec_ch_ua('" Not;A Brand";v="99", "Google Chrome";v="91", "Chromium";v="91"'),sec_ch_ua_mobile('?0'),user_agent('Mozilla/5.0 (Windows NT 10.0; Win64; x64) AppleWebKit/537.36 (KHTML, like Gecko) Chrome/91.0.4472.106 Safari/537.36'),sec_fetch_site('same-origin'),sec_fetch_mode('no-cors'),sec_fetch_dest(image),referer('http://localhost:9000/')]).
completed(23, 0.0, 231328, 200, file('image/x-ico','c:/trabalho/frontend/img/favicon.ico')).
server(stopped, 1623777135).
